----------------------------------------------------------------
Tue Feb 13 11:14:50 EST 2018:
Booting Derby version The Apache Software Foundation - Apache Derby - 10.12.1.1 - (1704137): instance a816c00e-0161-8ff2-81ed-00000a1e34d8 
on database directory /eecs/home/saeeds28/MyDB with class loader java.net.FactoryURLClassLoader@3281d78b 
Loaded from file:/eecs/home/saeeds28/EECS4413/db-derby-10.12.1.1-bin/lib/derby.jar
java.vendor=Oracle Corporation
java.runtime.version=1.8.0_144-b01
user.dir=/eecs/home/saeeds28/EECS4413
os.name=Linux
os.arch=amd64
os.version=3.10.0-693.11.6.el7.x86_64
derby.system.home=null
Database Class Loader started - derby.database.classpath=''
----------------------------------------------------------------
Tue Feb 13 11:14:56 EST 2018:
Shutting down instance a816c00e-0161-8ff2-81ed-00000a1e34d8 on database directory /eecs/home/saeeds28/MyDB with class loader java.net.FactoryURLClassLoader@3281d78b 
----------------------------------------------------------------
Tue Feb 13 11:17:18 EST 2018:
Booting Derby version The Apache Software Foundation - Apache Derby - 10.12.1.1 - (1704137): instance 45b300a8-0161-8ff2-81ed-00000a1e34d8 
on database directory /eecs/home/saeeds28/MyDB with class loader java.net.FactoryURLClassLoader@3281d78b 
Loaded from file:/eecs/home/saeeds28/EECS4413/db-derby-10.12.1.1-bin/lib/derby.jar
java.vendor=Oracle Corporation
java.runtime.version=1.8.0_144-b01
user.dir=/eecs/home/saeeds28/EECS4413
os.name=Linux
os.arch=amd64
os.version=3.10.0-693.11.6.el7.x86_64
derby.system.home=null
Database Class Loader started - derby.database.classpath=''
----------------------------------------------------------------
Tue Feb 13 11:18:33 EST 2018:
Shutting down instance 45b300a8-0161-8ff2-81ed-00000a1e34d8 on database directory /eecs/home/saeeds28/MyDB with class loader java.net.FactoryURLClassLoader@3281d78b 
Tue Feb 13 11:20:55 EST 2018 Thread[Worker-36,5,main] Cleanup action starting
ERROR XBM0J: Directory /eecs/home/saeeds28/EECS4413/SIS-1 already exists.
	at org.apache.derby.iapi.error.StandardException.newException(Unknown Source)
	at org.apache.derby.iapi.error.StandardException.newException(Unknown Source)
	at org.apache.derby.impl.services.monitor.StorageFactoryService$10.run(Unknown Source)
	at java.security.AccessController.doPrivileged(Native Method)
	at org.apache.derby.impl.services.monitor.StorageFactoryService.createServiceRoot(Unknown Source)
	at org.apache.derby.impl.services.monitor.BaseMonitor.bootService(Unknown Source)
	at org.apache.derby.impl.services.monitor.BaseMonitor.createPersistentService(Unknown Source)
	at org.apache.derby.impl.services.monitor.FileMonitor.createPersistentService(Unknown Source)
	at org.apache.derby.iapi.services.monitor.Monitor.createPersistentService(Unknown Source)
	at org.apache.derby.impl.jdbc.EmbedConnection$5.run(Unknown Source)
	at java.security.AccessController.doPrivileged(Native Method)
	at org.apache.derby.impl.jdbc.EmbedConnection.createPersistentService(Unknown Source)
	at org.apache.derby.impl.jdbc.EmbedConnection.createDatabase(Unknown Source)
	at org.apache.derby.impl.jdbc.EmbedConnection.<init>(Unknown Source)
	at org.apache.derby.jdbc.InternalDriver$1.run(Unknown Source)
	at org.apache.derby.jdbc.InternalDriver$1.run(Unknown Source)
	at java.security.AccessController.doPrivileged(Native Method)
	at org.apache.derby.jdbc.InternalDriver.getNewEmbedConnection(Unknown Source)
	at org.apache.derby.jdbc.InternalDriver.connect(Unknown Source)
	at org.apache.derby.jdbc.InternalDriver.connect(Unknown Source)
	at org.apache.derby.jdbc.EmbeddedDriver.connect(Unknown Source)
	at org.eclipse.datatools.connectivity.drivers.jdbc.JDBCConnection.createConnection(JDBCConnection.java:328)
	at org.eclipse.datatools.connectivity.apache.internal.derby.connection.DerbyEmbeddedJDBCConnection.createConnection(DerbyEmbeddedJDBCConnection.java:137)
	at org.eclipse.datatools.connectivity.DriverConnectionBase.internalCreateConnection(DriverConnectionBase.java:105)
	at org.eclipse.datatools.connectivity.DriverConnectionBase.open(DriverConnectionBase.java:54)
	at org.eclipse.datatools.connectivity.drivers.jdbc.JDBCConnection.open(JDBCConnection.java:96)
	at org.eclipse.datatools.connectivity.apache.internal.derby.connection.DerbyJDBCConnectionFactory.createConnection(DerbyJDBCConnectionFactory.java:32)
	at org.eclipse.datatools.connectivity.internal.ConnectionFactoryProvider.createConnection(ConnectionFactoryProvider.java:83)
	at org.eclipse.datatools.connectivity.internal.ConnectionProfile.createConnection(ConnectionProfile.java:359)
	at org.eclipse.datatools.connectivity.ui.PingJob.createTestConnection(PingJob.java:76)
	at org.eclipse.datatools.connectivity.ui.PingJob.run(PingJob.java:59)
	at org.eclipse.core.internal.jobs.Worker.run(Worker.java:55)
Cleanup action completed
Tue Feb 13 11:20:55 EST 2018 Thread[Worker-36,5,main] Cleanup action starting
java.sql.SQLException: Failed to create database '/cs/home/saeeds28/EECS4413/SIS-1', see the next exception for details.
	at org.apache.derby.impl.jdbc.SQLExceptionFactory.getSQLException(Unknown Source)
	at org.apache.derby.impl.jdbc.SQLExceptionFactory.getSQLException(Unknown Source)
	at org.apache.derby.impl.jdbc.Util.seeNextException(Unknown Source)
	at org.apache.derby.impl.jdbc.EmbedConnection.createDatabase(Unknown Source)
	at org.apache.derby.impl.jdbc.EmbedConnection.<init>(Unknown Source)
	at org.apache.derby.jdbc.InternalDriver$1.run(Unknown Source)
	at org.apache.derby.jdbc.InternalDriver$1.run(Unknown Source)
	at java.security.AccessController.doPrivileged(Native Method)
	at org.apache.derby.jdbc.InternalDriver.getNewEmbedConnection(Unknown Source)
	at org.apache.derby.jdbc.InternalDriver.connect(Unknown Source)
	at org.apache.derby.jdbc.InternalDriver.connect(Unknown Source)
	at org.apache.derby.jdbc.EmbeddedDriver.connect(Unknown Source)
	at org.eclipse.datatools.connectivity.drivers.jdbc.JDBCConnection.createConnection(JDBCConnection.java:328)
	at org.eclipse.datatools.connectivity.apache.internal.derby.connection.DerbyEmbeddedJDBCConnection.createConnection(DerbyEmbeddedJDBCConnection.java:137)
	at org.eclipse.datatools.connectivity.DriverConnectionBase.internalCreateConnection(DriverConnectionBase.java:105)
	at org.eclipse.datatools.connectivity.DriverConnectionBase.open(DriverConnectionBase.java:54)
	at org.eclipse.datatools.connectivity.drivers.jdbc.JDBCConnection.open(JDBCConnection.java:96)
	at org.eclipse.datatools.connectivity.apache.internal.derby.connection.DerbyJDBCConnectionFactory.createConnection(DerbyJDBCConnectionFactory.java:32)
	at org.eclipse.datatools.connectivity.internal.ConnectionFactoryProvider.createConnection(ConnectionFactoryProvider.java:83)
	at org.eclipse.datatools.connectivity.internal.ConnectionProfile.createConnection(ConnectionProfile.java:359)
	at org.eclipse.datatools.connectivity.ui.PingJob.createTestConnection(PingJob.java:76)
	at org.eclipse.datatools.connectivity.ui.PingJob.run(PingJob.java:59)
	at org.eclipse.core.internal.jobs.Worker.run(Worker.java:55)
Caused by: ERROR XJ041: Failed to create database '/cs/home/saeeds28/EECS4413/SIS-1', see the next exception for details.
	at org.apache.derby.iapi.error.StandardException.newException(Unknown Source)
	at org.apache.derby.impl.jdbc.SQLExceptionFactory.wrapArgsForTransportAcrossDRDA(Unknown Source)
	... 23 more
Caused by: ERROR XBM0J: Directory /eecs/home/saeeds28/EECS4413/SIS-1 already exists.
	at org.apache.derby.iapi.error.StandardException.newException(Unknown Source)
	at org.apache.derby.iapi.error.StandardException.newException(Unknown Source)
	at org.apache.derby.impl.services.monitor.StorageFactoryService$10.run(Unknown Source)
	at java.security.AccessController.doPrivileged(Native Method)
	at org.apache.derby.impl.services.monitor.StorageFactoryService.createServiceRoot(Unknown Source)
	at org.apache.derby.impl.services.monitor.BaseMonitor.bootService(Unknown Source)
	at org.apache.derby.impl.services.monitor.BaseMonitor.createPersistentService(Unknown Source)
	at org.apache.derby.impl.services.monitor.FileMonitor.createPersistentService(Unknown Source)
	at org.apache.derby.iapi.services.monitor.Monitor.createPersistentService(Unknown Source)
	at org.apache.derby.impl.jdbc.EmbedConnection$5.run(Unknown Source)
	at java.security.AccessController.doPrivileged(Native Method)
	at org.apache.derby.impl.jdbc.EmbedConnection.createPersistentService(Unknown Source)
	... 20 more
============= begin nested exception, level (1) ===========
java.sql.SQLException: Directory /eecs/home/saeeds28/EECS4413/SIS-1 already exists.
	at org.apache.derby.impl.jdbc.SQLExceptionFactory.getSQLException(Unknown Source)
	at org.apache.derby.impl.jdbc.Util.generateCsSQLException(Unknown Source)
	at org.apache.derby.impl.jdbc.TransactionResourceImpl.wrapInSQLException(Unknown Source)
	at org.apache.derby.impl.jdbc.TransactionResourceImpl.handleException(Unknown Source)
	at org.apache.derby.impl.jdbc.EmbedConnection.handleException(Unknown Source)
	at org.apache.derby.impl.jdbc.EmbedConnection.createDatabase(Unknown Source)
	at org.apache.derby.impl.jdbc.EmbedConnection.<init>(Unknown Source)
	at org.apache.derby.jdbc.InternalDriver$1.run(Unknown Source)
	at org.apache.derby.jdbc.InternalDriver$1.run(Unknown Source)
	at java.security.AccessController.doPrivileged(Native Method)
	at org.apache.derby.jdbc.InternalDriver.getNewEmbedConnection(Unknown Source)
	at org.apache.derby.jdbc.InternalDriver.connect(Unknown Source)
	at org.apache.derby.jdbc.InternalDriver.connect(Unknown Source)
	at org.apache.derby.jdbc.EmbeddedDriver.connect(Unknown Source)
	at org.eclipse.datatools.connectivity.drivers.jdbc.JDBCConnection.createConnection(JDBCConnection.java:328)
	at org.eclipse.datatools.connectivity.apache.internal.derby.connection.DerbyEmbeddedJDBCConnection.createConnection(DerbyEmbeddedJDBCConnection.java:137)
	at org.eclipse.datatools.connectivity.DriverConnectionBase.internalCreateConnection(DriverConnectionBase.java:105)
	at org.eclipse.datatools.connectivity.DriverConnectionBase.open(DriverConnectionBase.java:54)
	at org.eclipse.datatools.connectivity.drivers.jdbc.JDBCConnection.open(JDBCConnection.java:96)
	at org.eclipse.datatools.connectivity.apache.internal.derby.connection.DerbyJDBCConnectionFactory.createConnection(DerbyJDBCConnectionFactory.java:32)
	at org.eclipse.datatools.connectivity.internal.ConnectionFactoryProvider.createConnection(ConnectionFactoryProvider.java:83)
	at org.eclipse.datatools.connectivity.internal.ConnectionProfile.createConnection(ConnectionProfile.java:359)
	at org.eclipse.datatools.connectivity.ui.PingJob.createTestConnection(PingJob.java:76)
	at org.eclipse.datatools.connectivity.ui.PingJob.run(PingJob.java:59)
	at org.eclipse.core.internal.jobs.Worker.run(Worker.java:55)
Caused by: ERROR XBM0J: Directory /eecs/home/saeeds28/EECS4413/SIS-1 already exists.
	at org.apache.derby.iapi.error.StandardException.newException(Unknown Source)
	at org.apache.derby.iapi.error.StandardException.newException(Unknown Source)
	at org.apache.derby.impl.services.monitor.StorageFactoryService$10.run(Unknown Source)
	at java.security.AccessController.doPrivileged(Native Method)
	at org.apache.derby.impl.services.monitor.StorageFactoryService.createServiceRoot(Unknown Source)
	at org.apache.derby.impl.services.monitor.BaseMonitor.bootService(Unknown Source)
	at org.apache.derby.impl.services.monitor.BaseMonitor.createPersistentService(Unknown Source)
	at org.apache.derby.impl.services.monitor.FileMonitor.createPersistentService(Unknown Source)
	at org.apache.derby.iapi.services.monitor.Monitor.createPersistentService(Unknown Source)
	at org.apache.derby.impl.jdbc.EmbedConnection$5.run(Unknown Source)
	at java.security.AccessController.doPrivileged(Native Method)
	at org.apache.derby.impl.jdbc.EmbedConnection.createPersistentService(Unknown Source)
	... 20 more
============= end nested exception, level (1) ===========
============= begin nested exception, level (2) ===========
ERROR XBM0J: Directory /eecs/home/saeeds28/EECS4413/SIS-1 already exists.
	at org.apache.derby.iapi.error.StandardException.newException(Unknown Source)
	at org.apache.derby.iapi.error.StandardException.newException(Unknown Source)
	at org.apache.derby.impl.services.monitor.StorageFactoryService$10.run(Unknown Source)
	at java.security.AccessController.doPrivileged(Native Method)
	at org.apache.derby.impl.services.monitor.StorageFactoryService.createServiceRoot(Unknown Source)
	at org.apache.derby.impl.services.monitor.BaseMonitor.bootService(Unknown Source)
	at org.apache.derby.impl.services.monitor.BaseMonitor.createPersistentService(Unknown Source)
	at org.apache.derby.impl.services.monitor.FileMonitor.createPersistentService(Unknown Source)
	at org.apache.derby.iapi.services.monitor.Monitor.createPersistentService(Unknown Source)
	at org.apache.derby.impl.jdbc.EmbedConnection$5.run(Unknown Source)
	at java.security.AccessController.doPrivileged(Native Method)
	at org.apache.derby.impl.jdbc.EmbedConnection.createPersistentService(Unknown Source)
	at org.apache.derby.impl.jdbc.EmbedConnection.createDatabase(Unknown Source)
	at org.apache.derby.impl.jdbc.EmbedConnection.<init>(Unknown Source)
	at org.apache.derby.jdbc.InternalDriver$1.run(Unknown Source)
	at org.apache.derby.jdbc.InternalDriver$1.run(Unknown Source)
	at java.security.AccessController.doPrivileged(Native Method)
	at org.apache.derby.jdbc.InternalDriver.getNewEmbedConnection(Unknown Source)
	at org.apache.derby.jdbc.InternalDriver.connect(Unknown Source)
	at org.apache.derby.jdbc.InternalDriver.connect(Unknown Source)
	at org.apache.derby.jdbc.EmbeddedDriver.connect(Unknown Source)
	at org.eclipse.datatools.connectivity.drivers.jdbc.JDBCConnection.createConnection(JDBCConnection.java:328)
	at org.eclipse.datatools.connectivity.apache.internal.derby.connection.DerbyEmbeddedJDBCConnection.createConnection(DerbyEmbeddedJDBCConnection.java:137)
	at org.eclipse.datatools.connectivity.DriverConnectionBase.internalCreateConnection(DriverConnectionBase.java:105)
	at org.eclipse.datatools.connectivity.DriverConnectionBase.open(DriverConnectionBase.java:54)
	at org.eclipse.datatools.connectivity.drivers.jdbc.JDBCConnection.open(JDBCConnection.java:96)
	at org.eclipse.datatools.connectivity.apache.internal.derby.connection.DerbyJDBCConnectionFactory.createConnection(DerbyJDBCConnectionFactory.java:32)
	at org.eclipse.datatools.connectivity.internal.ConnectionFactoryProvider.createConnection(ConnectionFactoryProvider.java:83)
	at org.eclipse.datatools.connectivity.internal.ConnectionProfile.createConnection(ConnectionProfile.java:359)
	at org.eclipse.datatools.connectivity.ui.PingJob.createTestConnection(PingJob.java:76)
	at org.eclipse.datatools.connectivity.ui.PingJob.run(PingJob.java:59)
	at org.eclipse.core.internal.jobs.Worker.run(Worker.java:55)
============= end nested exception, level (2) ===========
Cleanup action completed
----------------------------------------------------------------
Tue Feb 13 11:21:11 EST 2018:
Booting Derby version The Apache Software Foundation - Apache Derby - 10.12.1.1 - (1704137): instance 0ddd00a9-0161-8ff2-81ed-00000a1e34d8 
on database directory /eecs/home/saeeds28/MyDB with class loader java.net.FactoryURLClassLoader@3281d78b 
Loaded from file:/eecs/home/saeeds28/EECS4413/db-derby-10.12.1.1-bin/lib/derby.jar
java.vendor=Oracle Corporation
java.runtime.version=1.8.0_144-b01
user.dir=/eecs/home/saeeds28/EECS4413
os.name=Linux
os.arch=amd64
os.version=3.10.0-693.11.6.el7.x86_64
derby.system.home=null
Database Class Loader started - derby.database.classpath=''
----------------------------------------------------------------
Tue Feb 13 11:21:11 EST 2018:
Shutting down instance 0ddd00a9-0161-8ff2-81ed-00000a1e34d8 on database directory /eecs/home/saeeds28/MyDB with class loader java.net.FactoryURLClassLoader@3281d78b 
----------------------------------------------------------------
Tue Feb 13 11:23:00 EST 2018:
Booting Derby version The Apache Software Foundation - Apache Derby - 10.12.1.1 - (1704137): instance 560740aa-0161-8ff2-81ed-00000a1e34d8 
on database directory /eecs/home/saeeds28/EECS4413/SIS-1/MyDB with class loader java.net.FactoryURLClassLoader@3281d78b 
Loaded from file:/eecs/home/saeeds28/EECS4413/db-derby-10.12.1.1-bin/lib/derby.jar
java.vendor=Oracle Corporation
java.runtime.version=1.8.0_144-b01
user.dir=/eecs/home/saeeds28/EECS4413
os.name=Linux
os.arch=amd64
os.version=3.10.0-693.11.6.el7.x86_64
derby.system.home=null
Database Class Loader started - derby.database.classpath=''
----------------------------------------------------------------
Tue Feb 13 11:23:04 EST 2018:
Shutting down instance 560740aa-0161-8ff2-81ed-00000a1e34d8 on database directory /eecs/home/saeeds28/EECS4413/SIS-1/MyDB with class loader java.net.FactoryURLClassLoader@3281d78b 
----------------------------------------------------------------
Tue Feb 13 11:25:39 EST 2018:
Booting Derby version The Apache Software Foundation - Apache Derby - 10.12.1.1 - (1704137): instance 0b198144-0161-8ff2-81ed-00000a1e34d8 
on database directory /eecs/home/saeeds28/EECS4413/MyDB with class loader java.net.FactoryURLClassLoader@3281d78b 
Loaded from file:/eecs/home/saeeds28/EECS4413/db-derby-10.12.1.1-bin/lib/derby.jar
java.vendor=Oracle Corporation
java.runtime.version=1.8.0_144-b01
user.dir=/eecs/home/saeeds28/EECS4413
os.name=Linux
os.arch=amd64
os.version=3.10.0-693.11.6.el7.x86_64
derby.system.home=null
Database Class Loader started - derby.database.classpath=''
----------------------------------------------------------------
Tue Feb 13 11:25:42 EST 2018:
Shutting down instance 0b198144-0161-8ff2-81ed-00000a1e34d8 on database directory /eecs/home/saeeds28/EECS4413/MyDB with class loader java.net.FactoryURLClassLoader@3281d78b 
----------------------------------------------------------------
Tue Feb 13 11:25:47 EST 2018:
Booting Derby version The Apache Software Foundation - Apache Derby - 10.12.1.1 - (1704137): instance 9754c1de-0161-8ff2-81ed-00000a1e34d8 
on database directory /eecs/home/saeeds28/EECS4413/MyDB with class loader java.net.FactoryURLClassLoader@3281d78b 
Loaded from file:/eecs/home/saeeds28/EECS4413/db-derby-10.12.1.1-bin/lib/derby.jar
java.vendor=Oracle Corporation
java.runtime.version=1.8.0_144-b01
user.dir=/eecs/home/saeeds28/EECS4413
os.name=Linux
os.arch=amd64
os.version=3.10.0-693.11.6.el7.x86_64
derby.system.home=null
Database Class Loader started - derby.database.classpath=''
----------------------------------------------------------------
Tue Feb 13 12:09:50 EST 2018:
Shutting down instance 9754c1de-0161-8ff2-81ed-00000a1e34d8 on database directory /eecs/home/saeeds28/EECS4413/MyDB with class loader java.net.FactoryURLClassLoader@3281d78b 
